<?xml version="1.0" encoding="UTF-8"?>
<!-- Generated by org.testng.reporters.JUnitXMLReporter -->
<testsuite ignored="0" hostname="LAPTOP-AN95BIIA" failures="1" tests="3" name="DemoBlazeTest" time="9.374" errors="0" timestamp="2022-05-02T09:01:15 IST">
  <testcase classname="com.qa.Testbase.TestBase" name="@AfterMethod quit" time="0.002">
    <failure type="java.lang.NullPointerException" message="Cannot invoke &amp;quot;org.openqa.selenium.WebDriver.quit()&amp;quot; because &amp;quot;com.qa.Testbase.TestBase.driver&amp;quot; is null">
      <![CDATA[java.lang.NullPointerException: Cannot invoke "org.openqa.selenium.WebDriver.quit()" because "com.qa.Testbase.TestBase.driver" is null
at com.qa.Testbase.TestBase.quit(TestBase.java:93)
at java.base/java.util.ArrayList.forEach(ArrayList.java:1511)
... Removed 32 stack frames]]>
    </failure>
  </testcase> <!-- @AfterMethod quit -->
  <testcase classname="com.qa.Testbase.TestBase" name="@BeforeMethod initilizatio" time="-1.651462275028E9">
    <skipped/>
  </testcase> <!-- @BeforeMethod initilizatio -->
  <testcase classname="com.qa.Testbase.TestBase" name="@AfterMethod quit" time="-1.651462275037E9">
    <skipped/>
  </testcase> <!-- @AfterMethod quit -->
  <testcase classname="com.qa.Testbase.TestBase" name="@BeforeMethod initilizatio" time="-1.65146227504E9">
    <skipped/>
  </testcase> <!-- @BeforeMethod initilizatio -->
  <testcase classname="com.qa.Testbase.TestBase" name="@AfterMethod quit" time="-1.651462275048E9">
    <skipped/>
  </testcase> <!-- @AfterMethod quit -->
  <testcase classname="com.qa.TestLayer.TestClass" name="verifiedVivoI5" time="0.008">
    <failure type="java.lang.NullPointerException" message="Cannot invoke &amp;quot;org.openqa.selenium.SearchContext.findElement(org.openqa.selenium.By)&amp;quot; because &amp;quot;this.searchContext&amp;quot; is null">
      <![CDATA[java.lang.NullPointerException: Cannot invoke "org.openqa.selenium.SearchContext.findElement(org.openqa.selenium.By)" because "this.searchContext" is null
at org.openqa.selenium.support.pagefactory.DefaultElementLocator.findElement(DefaultElementLocator.java:70)
at org.openqa.selenium.support.pagefactory.internal.LocatingElementHandler.invoke(LocatingElementHandler.java:39)
at jdk.proxy2/jdk.proxy2.$Proxy16.click(Unknown Source)
at com.qa.PageLayer.ProductPage.clickonLaptop(ProductPage.java:33)
at com.qa.TestLayer.TestClass.verifiedVivoI5(TestClass.java:24)
at java.base/java.util.ArrayList.forEach(ArrayList.java:1511)
... Removed 27 stack frames]]>
    </failure>
  </testcase> <!-- verifiedVivoI5 -->
  <testcase classname="com.qa.TestLayer.TestClass" name="verifyVivoI7" time="0.0">
    <skipped/>
  </testcase> <!-- verifyVivoI7 -->
  <testcase classname="com.qa.TestLayer.TestClass" name="verifyVivoICore5" time="0.0">
    <skipped/>
  </testcase> <!-- verifyVivoICore5 -->
</testsuite> <!-- DemoBlazeTest -->
